<?xml version="1.0" encoding="UTF-8"?>
<!-- Generated by org.testng.reporters.JUnitReportReporter -->
<testsuite hostname="L-442001137" failures="0" tests="1" name="flipkartRegression.LoginToFlipkart" time="0.723" errors="0" timestamp="2019-09-02T17:30:12 IST" skipped="1">
  <testcase classname="flipkartRegression.LoginToFlipkart" name="flipkartLogin" time="0.723">
    <skipped/>
  </testcase> <!-- flipkartLogin -->
</testsuite> <!-- flipkartRegression.LoginToFlipkart -->
